Determining if the pthread_create exist failed with the following output:
Change Dir: /home/andrey/dev/testFixture/temp/CMakeFiles/CMakeTmp

Run Build Command:"/usr/bin/make" "cmTC_70ce2/fast"
/usr/bin/make -f CMakeFiles/cmTC_70ce2.dir/build.make CMakeFiles/cmTC_70ce2.dir/build
make[1]: вход в каталог «/home/andrey/dev/testFixture/temp/CMakeFiles/CMakeTmp»
Building C object CMakeFiles/cmTC_70ce2.dir/CheckSymbolExists.c.o
/usr/bin/cc     -o CMakeFiles/cmTC_70ce2.dir/CheckSymbolExists.c.o   -c /home/andrey/dev/testFixture/temp/CMakeFiles/CMakeTmp/CheckSymbolExists.c
Linking C executable cmTC_70ce2
/usr/bin/cmake -E cmake_link_script CMakeFiles/cmTC_70ce2.dir/link.txt --verbose=1
/usr/bin/cc       CMakeFiles/cmTC_70ce2.dir/CheckSymbolExists.c.o  -o cmTC_70ce2 -rdynamic 
CMakeFiles/cmTC_70ce2.dir/CheckSymbolExists.c.o: In function `main':
CheckSymbolExists.c:(.text+0x16): undefined reference to `pthread_create'
collect2: error: ld returned 1 exit status
CMakeFiles/cmTC_70ce2.dir/build.make:97: ошибка выполнения рецепта для цели «cmTC_70ce2»
make[1]: *** [cmTC_70ce2] Ошибка 1
make[1]: выход из каталога «/home/andrey/dev/testFixture/temp/CMakeFiles/CMakeTmp»
Makefile:126: ошибка выполнения рецепта для цели «cmTC_70ce2/fast»
make: *** [cmTC_70ce2/fast] Ошибка 2

File /home/andrey/dev/testFixture/temp/CMakeFiles/CMakeTmp/CheckSymbolExists.c:
/* */
#include <pthread.h>

int main(int argc, char** argv)
{
  (void)argv;
#ifndef pthread_create
  return ((int*)(&pthread_create))[argc];
#else
  (void)argc;
  return 0;
#endif
}

Determining if the function pthread_create exists in the pthreads failed with the following output:
Change Dir: /home/andrey/dev/testFixture/temp/CMakeFiles/CMakeTmp

Run Build Command:"/usr/bin/make" "cmTC_6b2d1/fast"
/usr/bin/make -f CMakeFiles/cmTC_6b2d1.dir/build.make CMakeFiles/cmTC_6b2d1.dir/build
make[1]: вход в каталог «/home/andrey/dev/testFixture/temp/CMakeFiles/CMakeTmp»
Building C object CMakeFiles/cmTC_6b2d1.dir/CheckFunctionExists.c.o
/usr/bin/cc    -DCHECK_FUNCTION_EXISTS=pthread_create   -o CMakeFiles/cmTC_6b2d1.dir/CheckFunctionExists.c.o   -c /usr/share/cmake-3.5/Modules/CheckFunctionExists.c
Linking C executable cmTC_6b2d1
/usr/bin/cmake -E cmake_link_script CMakeFiles/cmTC_6b2d1.dir/link.txt --verbose=1
/usr/bin/cc   -DCHECK_FUNCTION_EXISTS=pthread_create    CMakeFiles/cmTC_6b2d1.dir/CheckFunctionExists.c.o  -o cmTC_6b2d1 -rdynamic -lpthreads 
/usr/bin/ld: cannot find -lpthreads
collect2: error: ld returned 1 exit status
CMakeFiles/cmTC_6b2d1.dir/build.make:97: ошибка выполнения рецепта для цели «cmTC_6b2d1»
make[1]: *** [cmTC_6b2d1] Ошибка 1
make[1]: выход из каталога «/home/andrey/dev/testFixture/temp/CMakeFiles/CMakeTmp»
Makefile:126: ошибка выполнения рецепта для цели «cmTC_6b2d1/fast»
make: *** [cmTC_6b2d1/fast] Ошибка 2


